<?xml version="1.0" encoding="UTF-8"?>
<testsuite xmlns:xsi="http://www.w3.org/2001/XMLSchema-instance" xsi:noNamespaceSchemaLocation="https://maven.apache.org/surefire/maven-surefire-plugin/xsd/surefire-test-report.xsd" name="MyTest" time="0.038" tests="32" errors="0" skipped="0" failures="0">
  <properties>
[...]
</properties>
  <testcase name="testEdgeCaseAceLowStraightVsRegularStraight" classname="MyTest" time="0.011"/>
  <testcase name="testEvalPPWinningsStraight" classname="MyTest" time="0"/>
  <testcase name="testEvalPPWinningsThreeOfAKind" classname="MyTest" time="0.001"/>
  <testcase name="testEvalPPWinningsStraightFlush" classname="MyTest" time="0"/>
  <testcase name="testCompareHandsPlayerWins" classname="MyTest" time="0"/>
  <testcase name="testEvalPPWinningsHighCard" classname="MyTest" time="0.001"/>
  <testcase name="testCompareHandsHighCardComparison" classname="MyTest" time="0"/>
  <testcase name="testDealerDoesNotQualifyWithJackHigh" classname="MyTest" time="0"/>
  <testcase name="testMaximumNonQualifyingHand" classname="MyTest" time="0"/>
  <testcase name="testEvalPPWinningsZeroBet" classname="MyTest" time="0.001"/>
  <testcase name="testSameHandDifferentSuits" classname="MyTest" time="0"/>
  <testcase name="testAllHandTypesInOrder" classname="MyTest" time="0.001"/>
  <testcase name="testDealerDoesNotQualifyWithTenHigh" classname="MyTest" time="0"/>
  <testcase name="testEvalHandPair" classname="MyTest" time="0"/>
  <testcase name="testEvalHandFlush" classname="MyTest" time="0.001"/>
  <testcase name="testMinimumQualifyingHand" classname="MyTest" time="0"/>
  <testcase name="testCompareHandsPlayerWinsHigherStraight" classname="MyTest" time="0.001"/>
  <testcase name="testEvalHandStraightFlush" classname="MyTest" time="0"/>
  <testcase name="testDealerQualifiesWithKingHigh" classname="MyTest" time="0.001"/>
  <testcase name="testEvalPPWinningsPair" classname="MyTest" time="0"/>
  <testcase name="testEvalHandStraight" classname="MyTest" time="0.001"/>
  <testcase name="testEvalHandWrongSize" classname="MyTest" time="0"/>
  <testcase name="testEvalHandThreeOfAKind" classname="MyTest" time="0.001"/>
  <testcase name="testEvalHandAceLowStraight" classname="MyTest" time="0"/>
  <testcase name="testEvalHandNullHand" classname="MyTest" time="0"/>
  <testcase name="testEvalPPWinningsFlush" classname="MyTest" time="0.001"/>
  <testcase name="testDealerQualifiesWrongSizeHand" classname="MyTest" time="0"/>
  <testcase name="testDealerQualifiesWithQueenHigh" classname="MyTest" time="0"/>
  <testcase name="testCompareHandsPairComparison" classname="MyTest" time="0.001"/>
  <testcase name="testEvalHandHighCard" classname="MyTest" time="0"/>
  <testcase name="testCompareHandsDealerWins" classname="MyTest" time="0.001"/>
  <testcase name="testDealerQualifiesWithAceHigh" classname="MyTest" time="0"/>
</testsuite>